{"/Users/haoyanggao/Documents/github/data-structures-algorithms-with-ts/src/Arr.ts": {"path":"/Users/haoyanggao/Documents/github/data-structures-algorithms-with-ts/src/Arr.ts","statementMap":{"0":{"start":{"line":1,"column":0},"end":{"line":18,"column":0}},"1":{"start":{"line":6,"column":14},"end":{"line":6,"column":36}},"2":{"start":{"line":7,"column":4},"end":{"line":15,"column":5}},"3":{"start":{"line":8,"column":31},"end":{"line":8,"column":33}},"4":{"start":{"line":9,"column":6},"end":{"line":11,"column":7}},"5":{"start":{"line":10,"column":8},"end":{"line":10,"column":27}},"6":{"start":{"line":12,"column":6},"end":{"line":12,"column":22}},"7":{"start":{"line":14,"column":6},"end":{"line":14,"column":23}},"8":{"start":{"line":16,"column":4},"end":{"line":16,"column":35}},"9":{"start":{"line":18,"column":0},"end":{"line":18,"column":1}},"10":{"start":{"line":20,"column":0},"end":{"line":20,"column":18}}},"fnMap":{"0":{"name":"(anonymous_0)","decl":{"start":{"line":1,"column":0},"end":{"line":null,"column":-1}},"loc":{"start":{"line":1,"column":0},"end":{"line":1,"column":-1}}},"1":{"name":"Arr","decl":{"start":{"line":6,"column":2},"end":{"line":6,"column":13}},"loc":{"start":{"line":6,"column":36},"end":{"line":17,"column":3}}}},"branchMap":{"0":{"loc":{"start":{"line":6,"column":14},"end":{"line":6,"column":36}},"type":"if","locations":[{"start":{"line":6,"column":14},"end":{"line":6,"column":36}},{"start":{"line":6,"column":14},"end":{"line":6,"column":36}}]},"1":{"loc":{"start":{"line":7,"column":4},"end":{"line":15,"column":5}},"type":"if","locations":[{"start":{"line":7,"column":4},"end":{"line":15,"column":5}},{"start":{"line":7,"column":4},"end":{"line":15,"column":5}}]}},"s":{"0":1,"1":5,"2":4,"3":1,"4":1,"5":10,"6":1,"7":3,"8":4,"9":1,"10":1},"f":{"0":1,"1":4},"b":{"0":[1,3],"1":[1,3]}}
}
