{"/Users/haoyanggao/Documents/github/data-structures-algorithms-with-ts/src/Arr.ts": {"path":"/Users/haoyanggao/Documents/github/data-structures-algorithms-with-ts/src/Arr.ts","statementMap":{"0":{"start":{"line":1,"column":0},"end":{"line":1,"column":23}},"1":{"start":{"line":1,"column":18},"end":{"line":1,"column":23}},"2":{"start":{"line":5,"column":16},"end":{"line":15,"column":3}},"3":{"start":{"line":6,"column":16},"end":{"line":6,"column":18}},"4":{"start":{"line":7,"column":4},"end":{"line":13,"column":5}},"5":{"start":{"line":8,"column":19},"end":{"line":8,"column":21}},"6":{"start":{"line":9,"column":6},"end":{"line":11,"column":7}},"7":{"start":{"line":10,"column":8},"end":{"line":10,"column":24}},"8":{"start":{"line":12,"column":6},"end":{"line":12,"column":19}},"9":{"start":{"line":14,"column":4},"end":{"line":14,"column":14}},"10":{"start":{"line":16,"column":0},"end":{"line":16,"column":1}},"11":{"start":{"line":18,"column":0},"end":{"line":18,"column":18}}},"fnMap":{"0":{"name":"(anonymous_6)","decl":{"start":{"line":1,"column":0},"end":{"line":null,"column":-1}},"loc":{"start":{"line":1,"column":0},"end":{"line":1,"column":-1}}},"1":{"name":"(anonymous_8)","decl":{"start":{"line":5,"column":2},"end":{"line":5,"column":25}},"loc":{"start":{"line":5,"column":69},"end":{"line":15,"column":3}}}},"branchMap":{},"s":{"0":1,"1":1,"2":1,"3":2,"4":2,"5":11,"6":11,"7":61,"8":11,"9":2,"10":1,"11":1},"f":{"0":1,"1":2},"b":{}}
}
